Directory content has not changed. No need to rebuild.
path:maps/Proportion_Maze_26_26_2.txt
model_path:26*26_2
select:selector
probability:1.0
[2024-11-05 17:04:55.968593] begin eval rl select Proportion_Maze_26_26_2 using selector
[2024-11-05 17:04:55.969482] finish selected_vertex
[2024-11-05 17:06:12.825302] evaluation times:0
throughput:1.5916015625 rl time:31.597336000000045 pibt time: 0.5082110000000076
[2024-11-05 17:07:24.310994] evaluation times:1
throughput:0.6505859375 rl time:28.895708999999982 pibt time: 0.4785509999999975
[2024-11-05 17:08:35.956118] evaluation times:2
throughput:0.6685546875 rl time:28.6617770000001 pibt time: 0.47575199999999007
[2024-11-05 17:09:47.664687] evaluation times:3
throughput:0.8125 rl time:28.493604000000083 pibt time: 0.48803700000000483
[2024-11-05 17:10:59.829594] evaluation times:4
throughput:0.7275390625 rl time:28.459397999999943 pibt time: 0.4751989999999974
mean throughput:0.8901562500000001, std throughput:0.3552468314838246

path:maps/Proportion_Maze_26_26_2.txt
model_path:26*26_2
select:random_selector
probability:0.5
[2024-11-05 17:11:01.205867] begin eval rl select Proportion_Maze_26_26_2 using random_selector
[2024-11-05 17:11:01.206787] finish selected_vertex
[2024-11-05 17:12:02.814940] evaluation times:0
throughput:0.540234375 rl time:17.116082000000052 pibt time: 0.5012590000000117
[2024-11-05 17:12:54.852837] evaluation times:1
throughput:0.4763671875 rl time:16.380231000000023 pibt time: 0.49016700000000324
[2024-11-05 17:13:51.396320] evaluation times:2
throughput:0.334375 rl time:16.461687000000005 pibt time: 0.4965700000000053
[2024-11-05 17:14:58.146921] evaluation times:3
throughput:0.4087890625 rl time:17.508732000000002 pibt time: 0.5307660000000114
[2024-11-05 17:16:04.907135] evaluation times:4
throughput:0.5271484375 rl time:17.584714999999925 pibt time: 0.5372910000000088
mean throughput:0.4573828125, std throughput:0.07692113468946012

path:maps/Proportion_Maze_26_26_2.txt
model_path:26*26_2
select:pibt_selector
probability:0.5
[2024-11-05 17:16:06.300428] begin eval rl select Proportion_Maze_26_26_2 using pibt_selector
pibt eval time:  0
[2024-11-05 17:16:07.579741] time step:0
[2024-11-05 17:16:11.663304] time step:1000
[2024-11-05 17:16:31.719450] time step:2000
[2024-11-05 17:17:06.614212] time step:3000
[2024-11-05 17:17:57.529520] time step:4000
[2024-11-05 17:19:04.578360] time step:5000
pibt eval time:  1
[2024-11-05 17:19:15.251130] time step:0
[2024-11-05 17:19:19.296686] time step:1000
[2024-11-05 17:19:37.870187] time step:2000
[2024-11-05 17:20:11.653256] time step:3000
[2024-11-05 17:21:01.824920] time step:4000
[2024-11-05 17:22:08.896811] time step:5000
pibt eval time:  2
[2024-11-05 17:22:18.872972] time step:0
[2024-11-05 17:22:22.716909] time step:1000
[2024-11-05 17:22:40.662016] time step:2000
[2024-11-05 17:23:13.192530] time step:3000
[2024-11-05 17:24:00.384747] time step:4000
[2024-11-05 17:25:04.442245] time step:5000
pibt eval time:  3
[2024-11-05 17:25:14.325145] time step:0
[2024-11-05 17:25:18.427514] time step:1000
[2024-11-05 17:25:40.864975] time step:2000
[2024-11-05 17:26:18.378904] time step:3000
[2024-11-05 17:27:10.936111] time step:4000
[2024-11-05 17:28:19.082551] time step:5000
pibt eval time:  4
[2024-11-05 17:28:29.765834] time step:0
[2024-11-05 17:28:33.474535] time step:1000
[2024-11-05 17:28:51.913305] time step:2000
[2024-11-05 17:29:25.612364] time step:3000
[2024-11-05 17:30:14.725991] time step:4000
[2024-11-05 17:31:20.751783] time step:5000
pibt eval time:  5
[2024-11-05 17:31:30.823067] time step:0
[2024-11-05 17:31:34.469370] time step:1000
[2024-11-05 17:31:53.293695] time step:2000
[2024-11-05 17:32:26.381592] time step:3000
[2024-11-05 17:33:14.159758] time step:4000
[2024-11-05 17:34:20.724935] time step:5000
pibt eval time:  6
[2024-11-05 17:34:30.877323] time step:0
[2024-11-05 17:34:34.768572] time step:1000
[2024-11-05 17:34:54.746385] time step:2000
[2024-11-05 17:35:31.080584] time step:3000
[2024-11-05 17:36:22.753937] time step:4000
[2024-11-05 17:37:30.879510] time step:5000
pibt eval time:  7
[2024-11-05 17:37:41.264331] time step:0
[2024-11-05 17:37:45.141724] time step:1000
[2024-11-05 17:38:04.702421] time step:2000
[2024-11-05 17:38:39.005185] time step:3000
[2024-11-05 17:39:29.021269] time step:4000
[2024-11-05 17:40:36.195395] time step:5000
pibt eval time:  8
[2024-11-05 17:40:46.427094] time step:0
[2024-11-05 17:40:50.332195] time step:1000
[2024-11-05 17:41:09.331375] time step:2000
[2024-11-05 17:41:43.297919] time step:3000
[2024-11-05 17:42:33.719213] time step:4000
[2024-11-05 17:43:41.269919] time step:5000
pibt eval time:  9
[2024-11-05 17:43:51.268290] time step:0
[2024-11-05 17:43:55.447495] time step:1000
[2024-11-05 17:44:17.530279] time step:2000
[2024-11-05 17:44:54.387126] time step:3000
[2024-11-05 17:45:47.460229] time step:4000
[2024-11-05 17:46:58.296027] time step:5000
[2024-11-05 17:47:07.426747] finish selected_vertex
[2024-11-05 17:48:01.317300] evaluation times:0
throughput:0.6916015625 rl time:18.06185399999993 pibt time: 0.5089600000000001
[2024-11-05 17:48:56.713233] evaluation times:1
throughput:0.3759765625 rl time:17.997756000000017 pibt time: 0.524008000000005
[2024-11-05 17:49:54.625310] evaluation times:2
throughput:0.45078125 rl time:17.99667199999996 pibt time: 0.5303420000000093
[2024-11-05 17:50:51.439607] evaluation times:3
throughput:0.4001953125 rl time:17.99361499999997 pibt time: 0.5227540000000033
[2024-11-05 17:51:48.132585] evaluation times:4
throughput:0.18125 rl time:18.016145000000005 pibt time: 0.529377000000009
mean throughput:0.4199609375000001, std throughput:0.1637356025248623

path:maps/Proportion_Maze_26_26_2.txt
model_path:26*26_2
select:BC_selector
probability:0.5
[2024-11-05 17:51:49.444818] begin eval rl select Proportion_Maze_26_26_2 using BC_selector
[2024-11-05 17:51:49.631252] finish selected_vertex
[2024-11-05 17:52:45.665044] evaluation times:0
throughput:0.1876953125 rl time:18.533471999999964 pibt time: 0.5272900000000068
[2024-11-05 17:53:39.100898] evaluation times:1
throughput:0.4384765625 rl time:18.002543999999975 pibt time: 0.5299670000000078
[2024-11-05 17:54:34.444619] evaluation times:2
throughput:0.6255859375 rl time:18.022442000000048 pibt time: 0.5295060000000069
[2024-11-05 17:55:29.354064] evaluation times:3
throughput:1.1982421875 rl time:18.003937999999977 pibt time: 0.5253970000000072
[2024-11-05 17:56:24.506448] evaluation times:4
throughput:0.239453125 rl time:18.050065999999944 pibt time: 0.5343150000000123
mean throughput:0.537890625, std throughput:0.36478473324870403

